app_final/app/build/intermediates/manifest_merge_blame_file/debug/manifest-merger-blame-debug-report.txt
1<?xml version="1.0" encoding="utf-8"?>
2<manifest xmlns:android="http://schemas.android.com/apk/res/android"
3    package="fr.polytech.larynxapp"
4    android:versionCode="1"
5    android:versionName="1.0" >
6
7    <uses-sdk
8        android:minSdkVersion="16"
8-->src\main\AndroidManifest.xml
9        android:targetSdkVersion="29" />
9-->src\main\AndroidManifest.xml
10
11    <!-- Specifies application's permission -->
12    <uses-permission android:name="android.permission.WRITE_EXTERNAL_STORAGE" />
12-->src\main\AndroidManifest.xml:6:5-81
12-->src\main\AndroidManifest.xml:6:22-78
13    <uses-permission android:name="android.permission.RECORD_AUDIO" />
13-->src\main\AndroidManifest.xml:7:5-71
13-->src\main\AndroidManifest.xml:7:22-68
14    <uses-permission android:name="android.permission.INTERNET" />
14-->src\main\AndroidManifest.xml:8:5-67
14-->src\main\AndroidManifest.xml:8:22-64
15    <uses-permission android:name="android.permission.READ_EXTERNAL_STORAGE" />
15-->[me.rosuh:AndroidFilePicker:0.7.0-x] AndroidManifest.xml:11:5-80
15-->[me.rosuh:AndroidFilePicker:0.7.0-x] AndroidManifest.xml:11:22-77
16
17    <application
17-->src\main\AndroidManifest.xml:10:5-32:19
18        android:allowBackup="true"
18-->src\main\AndroidManifest.xml:11:9-35
19        android:appComponentFactory="androidx.core.app.CoreComponentFactory"
19-->[androidx.core:core:1.3.1] AndroidManifest.xml:24:18-86
20        android:debuggable="true"
21        android:icon="@mipmap/icon"
21-->src\main\AndroidManifest.xml:12:9-36
22        android:label="@string/app_name"
22-->src\main\AndroidManifest.xml:13:9-41
23        android:requestLegacyExternalStorage="true"
23-->src\main\AndroidManifest.xml:17:9-52
24        android:roundIcon="@mipmap/ic_launcher_round"
24-->src\main\AndroidManifest.xml:14:9-54
25        android:supportsRtl="true"
25-->src\main\AndroidManifest.xml:15:9-35
26        android:testOnly="true"
27        android:theme="@style/AppTheme" >
27-->src\main\AndroidManifest.xml:16:9-40
28        <meta-data
28-->src\main\AndroidManifest.xml:18:9-20:75
29            android:name="com.google.android.actions"
29-->src\main\AndroidManifest.xml:19:13-54
30            android:resource="@drawable/bottom_nav_icon_color_selector" />
30-->src\main\AndroidManifest.xml:20:13-72
31
32        <activity
32-->src\main\AndroidManifest.xml:22:9-31:20
33            android:name="fr.polytech.larynxapp.MainActivity"
33-->src\main\AndroidManifest.xml:23:13-41
34            android:label="@string/app_name"
34-->src\main\AndroidManifest.xml:24:13-45
35            android:screenOrientation="portrait" >
35-->src\main\AndroidManifest.xml:25:13-49
36            <intent-filter>
36-->src\main\AndroidManifest.xml:26:13-30:29
37                <action android:name="android.intent.action.MAIN" />
37-->src\main\AndroidManifest.xml:27:17-69
37-->src\main\AndroidManifest.xml:27:25-66
38
39                <category android:name="android.intent.category.LAUNCHER" />
39-->src\main\AndroidManifest.xml:29:17-77
39-->src\main\AndroidManifest.xml:29:27-74
40            </intent-filter>
41        </activity>
42        <activity
42-->[me.rosuh:AndroidFilePicker:0.7.0-x] AndroidManifest.xml:15:9-18:72
43            android:name="me.rosuh.filepicker.FilePickerActivity"
43-->[me.rosuh:AndroidFilePicker:0.7.0-x] AndroidManifest.xml:16:13-66
44            android:configChanges="orientation|screenSize"
44-->[me.rosuh:AndroidFilePicker:0.7.0-x] AndroidManifest.xml:17:13-59
45            android:theme="@style/Theme.AppCompat.Light.NoActionBar" />
45-->[me.rosuh:AndroidFilePicker:0.7.0-x] AndroidManifest.xml:18:13-69
46
47        <provider
47-->[androidx.lifecycle:lifecycle-process:2.1.0] AndroidManifest.xml:23:9-27:43
48            android:name="androidx.lifecycle.ProcessLifecycleOwnerInitializer"
48-->[androidx.lifecycle:lifecycle-process:2.1.0] AndroidManifest.xml:24:13-79
49            android:authorities="fr.polytech.larynxapp.lifecycle-process"
49-->[androidx.lifecycle:lifecycle-process:2.1.0] AndroidManifest.xml:25:13-69
50            android:exported="false"
50-->[androidx.lifecycle:lifecycle-process:2.1.0] AndroidManifest.xml:26:13-37
51            android:multiprocess="true" />
51-->[androidx.lifecycle:lifecycle-process:2.1.0] AndroidManifest.xml:27:13-40
52    </application>
53
54</manifest>